<?xml version="1.0" encoding="UTF-8"?>
<!-- Generated by org.testng.reporters.JUnitReportReporter -->
<testsuite skipped="0" hostname="Jenils-MacBook-Pro.local" name="com.google.googlePlaceApi.testSuites.TestSuite1" tests="1" failures="0" timestamp="13 Apr 2020 19:57:33 GMT" time="3.169" errors="0">
  <testcase name="addPlace" time="3.169" classname="com.google.googlePlaceApi.testSuites.TestSuite1"/>
</testsuite> <!-- com.google.googlePlaceApi.testSuites.TestSuite1 -->
