<?xml version="1.0" encoding="UTF-8"?>
<!-- Generated by org.testng.reporters.JUnitReportReporter -->
<testsuite skipped="0" hostname="Jenils-MacBook-Pro.local" name="com.google.googlePlaceApi.testSuites.TestSuite1" tests="3" failures="0" timestamp="14 Apr 2020 19:55:19 GMT" time="3.122" errors="0">
  <testcase name="getPlacePositive" time="0.188" classname="com.google.googlePlaceApi.testSuites.TestSuite1"/>
  <testcase name="addPlace" time="2.706" classname="com.google.googlePlaceApi.testSuites.TestSuite1"/>
  <testcase name="getPlaceNegative" time="0.228" classname="com.google.googlePlaceApi.testSuites.TestSuite1"/>
</testsuite> <!-- com.google.googlePlaceApi.testSuites.TestSuite1 -->
