<?xml version="1.0" encoding="UTF-8"?>
<!-- Generated by org.testng.reporters.JUnitReportReporter -->
<testsuite skipped="0" hostname="Jenils-MacBook-Pro.local" name="com.atlassian.jiraApi.testSuite.TestSuite1" tests="1" failures="0" timestamp="17 Apr 2020 09:08:07 GMT" time="0.007" errors="0">
  <testcase name="createIssue" time="0.007" classname="com.atlassian.jiraApi.testSuite.TestSuite1"/>
</testsuite> <!-- com.atlassian.jiraApi.testSuite.TestSuite1 -->
